<?xml version="1.0" encoding="UTF-8"?>
<testsuite name="com.example.boredapp.SavedActivitiesViewModelTest" tests="6" skipped="0" failures="0" errors="0" timestamp="2024-01-04T13:45:56" hostname="DESKTOP-23P8MO7" time="0.07">
  <properties/>
  <testcase name="clears saved activities" classname="com.example.boredapp.SavedActivitiesViewModelTest" time="0.038"/>
  <testcase name="fetches saved activities on init" classname="com.example.boredapp.SavedActivitiesViewModelTest" time="0.006"/>
  <testcase name="clears saved activities when getAllActivities throws" classname="com.example.boredapp.SavedActivitiesViewModelTest" time="0.008"/>
  <testcase name="activityListState is Error when getAllActivities throws" classname="com.example.boredapp.SavedActivitiesViewModelTest" time="0.004"/>
  <testcase name="delete one activity" classname="com.example.boredapp.SavedActivitiesViewModelTest" time="0.008"/>
  <testcase name="delete one activity when getAllActivities throws" classname="com.example.boredapp.SavedActivitiesViewModelTest" time="0.005"/>
  <system-out><![CDATA[]]></system-out>
  <system-err><![CDATA[]]></system-err>
</testsuite>
